TN:
SF:src/build-and-prep-ort-files/index.js
FN:14,runCommand
FN:25,(anonymous_1)
FN:49,main
FN:185,(anonymous_3)
FNF:4
FNH:0
FNDA:0,runCommand
FNDA:0,(anonymous_1)
FNDA:0,main
FNDA:0,(anonymous_3)
DA:1,0
DA:2,0
DA:3,0
DA:4,0
DA:5,0
DA:16,0
DA:17,0
DA:24,0
DA:25,0
DA:27,0
DA:28,0
DA:30,0
DA:32,0
DA:33,0
DA:35,0
DA:36,0
DA:39,0
DA:40,0
DA:42,0
DA:50,0
DA:53,0
DA:54,0
DA:55,0
DA:56,0
DA:59,0
DA:60,0
DA:61,0
DA:62,0
DA:64,0
DA:65,0
DA:66,0
DA:67,0
DA:69,0
DA:71,0
DA:72,0
DA:73,0
DA:74,0
DA:78,0
DA:79,0
DA:81,0
DA:82,0
DA:85,0
DA:86,0
DA:88,0
DA:89,0
DA:92,0
DA:93,0
DA:94,0
DA:111,0
DA:112,0
DA:115,0
DA:117,0
DA:123,0
DA:130,0
DA:131,0
DA:132,0
DA:136,0
DA:137,0
DA:138,0
DA:140,0
DA:141,0
DA:144,0
DA:146,0
DA:147,0
DA:150,0
DA:151,0
DA:152,0
DA:153,0
DA:154,0
DA:158,0
DA:161,0
DA:162,0
DA:165,0
DA:166,0
DA:167,0
DA:168,0
DA:169,0
DA:170,0
DA:171,0
DA:172,0
DA:175,0
DA:176,0
DA:178,0
DA:179,0
DA:182,0
DA:183,0
DA:184,0
DA:185,0
DA:186,0
DA:187,0
DA:189,0
DA:190,0
DA:191,0
DA:192,0
DA:193,0
DA:194,0
DA:197,0
DA:199,0
DA:205,0
DA:206,0
DA:207,0
DA:210,0
DA:212,0
DA:215,0
DA:216,0
DA:217,0
DA:218,0
DA:220,0
DA:223,0
DA:228,0
LF:110
LH:0
BRDA:14,0,0,0
BRDA:14,1,0,0
BRDA:24,2,0,0
BRDA:24,2,1,0
BRDA:25,3,0,0
BRDA:25,3,1,0
BRDA:30,4,0,0
BRDA:30,4,1,0
BRDA:30,5,0,0
BRDA:30,5,1,0
BRDA:42,6,0,0
BRDA:42,6,1,0
BRDA:55,7,0,0
BRDA:55,7,1,0
BRDA:55,8,0,0
BRDA:55,8,1,0
BRDA:186,9,0,0
BRDA:186,9,1,0
BRF:18
BRH:0
end_of_record
TN:
SF:src/build-docker-image/index.js
FN:18,getInputsAndConfig
FN:102,performLogins
FN:148,calculateChecksum
FN:192,(anonymous_3)
FN:208,attemptPullCache
FN:247,ensureDepsFile
FN:279,buildImage
FN:310,tagImageLocally
FN:324,pushImage
FN:357,performLogouts
FN:378,run
FNF:11
FNH:0
FNDA:0,getInputsAndConfig
FNDA:0,performLogins
FNDA:0,calculateChecksum
FNDA:0,(anonymous_3)
FNDA:0,attemptPullCache
FNDA:0,ensureDepsFile
FNDA:0,buildImage
FNDA:0,tagImageLocally
FNDA:0,pushImage
FNDA:0,performLogouts
FNDA:0,run
DA:1,0
DA:2,0
DA:3,0
DA:4,0
DA:5,0
DA:6,0
DA:7,0
DA:8,0
DA:11,0
DA:19,0
DA:20,0
DA:21,0
DA:22,0
DA:23,0
DA:24,0
DA:25,0
DA:26,0
DA:27,0
DA:28,0
DA:29,0
DA:30,0
DA:31,0
DA:32,0
DA:33,0
DA:35,0
DA:37,0
DA:40,0
DA:41,0
DA:44,0
DA:47,0
DA:49,0
DA:51,0
DA:54,0
DA:55,0
DA:57,0
DA:58,0
DA:59,0
DA:60,0
DA:61,0
DA:64,0
DA:65,0
DA:70,0
DA:71,0
DA:74,0
DA:75,0
DA:76,0
DA:77,0
DA:78,0
DA:79,0
DA:80,0
DA:81,0
DA:103,0
DA:104,0
DA:105,0
DA:106,0
DA:107,0
DA:108,0
DA:109,0
DA:110,0
DA:111,0
DA:113,0
DA:116,0
DA:118,0
DA:119,0
DA:120,0
DA:121,0
DA:122,0
DA:124,0
DA:125,0
DA:126,0
DA:127,0
DA:128,0
DA:130,0
DA:134,0
DA:136,0
DA:149,0
DA:150,0
DA:153,0
DA:154,0
DA:157,0
DA:158,0
DA:159,0
DA:160,0
DA:162,0
DA:167,0
DA:168,0
DA:169,0
DA:173,0
DA:174,0
DA:180,0
DA:181,0
DA:182,0
DA:183,0
DA:184,0
DA:185,0
DA:186,0
DA:189,0
DA:192,0
DA:193,0
DA:194,0
DA:195,0
DA:196,0
DA:197,0
DA:200,0
DA:209,0
DA:210,0
DA:211,0
DA:212,0
DA:216,0
DA:217,0
DA:218,0
DA:220,0
DA:221,0
DA:224,0
DA:225,0
DA:228,0
DA:229,0
DA:230,0
DA:231,0
DA:232,0
DA:233,0
DA:235,0
DA:236,0
DA:239,0
DA:240,0
DA:248,0
DA:249,0
DA:250,0
DA:251,0
DA:253,0
DA:254,0
DA:255,0
DA:256,0
DA:257,0
DA:259,0
DA:260,0
DA:261,0
DA:262,0
DA:263,0
DA:264,0
DA:266,0
DA:267,0
DA:269,0
DA:281,0
DA:282,0
DA:285,0
DA:289,0
DA:290,0
DA:291,0
DA:294,0
DA:299,0
DA:300,0
DA:301,0
DA:303,0
DA:304,0
DA:311,0
DA:312,0
DA:313,0
DA:314,0
DA:315,0
DA:317,0
DA:325,0
DA:326,0
DA:327,0
DA:328,0
DA:329,0
DA:331,0
DA:332,0
DA:333,0
DA:336,0
DA:337,0
DA:338,0
DA:340,0
DA:342,0
DA:343,0
DA:347,0
DA:348,0
DA:358,0
DA:359,0
DA:360,0
DA:361,0
DA:363,0
DA:366,0
DA:367,0
DA:368,0
DA:369,0
DA:370,0
DA:372,0
DA:379,0
DA:380,0
DA:381,0
DA:383,0
DA:384,0
DA:387,0
DA:388,0
DA:389,0
DA:390,0
DA:392,0
DA:393,0
DA:394,0
DA:395,0
DA:397,0
DA:400,0
DA:404,0
DA:408,0
DA:415,0
DA:416,0
DA:418,0
DA:419,0
DA:420,0
DA:421,0
DA:423,0
DA:424,0
DA:426,0
DA:427,0
DA:429,0
DA:430,0
DA:432,0
DA:435,0
DA:436,0
DA:437,0
DA:440,0
DA:443,0
DA:445,0
DA:447,0
DA:449,0
DA:454,0
DA:455,0
DA:459,0
LF:229
LH:0
BRDA:22,0,0,0
BRDA:22,0,1,0
BRDA:27,1,0,0
BRDA:27,1,1,0
BRDA:37,2,0,0
BRDA:37,2,1,0
BRDA:47,3,0,0
BRDA:47,3,1,0
BRDA:49,4,0,0
BRDA:49,4,1,0
BRDA:54,5,0,0
BRDA:54,5,1,0
BRDA:59,6,0,0
BRDA:59,6,1,0
BRDA:74,7,0,0
BRDA:74,7,1,0
BRDA:76,8,0,0
BRDA:76,8,1,0
BRDA:77,9,0,0
BRDA:77,9,1,0
BRDA:79,10,0,0
BRDA:79,10,1,0
BRDA:105,11,0,0
BRDA:105,11,1,0
BRDA:118,12,0,0
BRDA:118,12,1,0
BRDA:121,13,0,0
BRDA:121,13,1,0
BRDA:158,14,0,0
BRDA:158,14,1,0
BRDA:184,15,0,0
BRDA:184,15,1,0
BRDA:189,16,0,0
BRDA:189,16,1,0
BRDA:209,17,0,0
BRDA:209,17,1,0
BRDA:216,18,0,0
BRDA:216,18,1,0
BRDA:231,19,0,0
BRDA:231,19,1,0
BRDA:249,20,0,0
BRDA:249,20,1,0
BRDA:266,21,0,0
BRDA:266,21,1,0
BRDA:266,22,0,0
BRDA:266,22,1,0
BRDA:289,23,0,0
BRDA:289,23,1,0
BRDA:328,24,0,0
BRDA:328,24,1,0
BRDA:328,25,0,0
BRDA:328,25,1,0
BRDA:331,26,0,0
BRDA:331,26,1,0
BRDA:331,26,2,0
BRDA:332,27,0,0
BRDA:332,27,1,0
BRDA:332,27,2,0
BRDA:332,27,3,0
BRDA:336,28,0,0
BRDA:336,28,1,0
BRDA:340,29,0,0
BRDA:340,29,1,0
BRDA:340,29,2,0
BRDA:340,29,3,0
BRDA:340,29,4,0
BRDA:342,30,0,0
BRDA:342,30,1,0
BRDA:342,31,0,0
BRDA:342,31,1,0
BRDA:358,32,0,0
BRDA:358,32,1,0
BRDA:366,33,0,0
BRDA:366,33,1,0
BRDA:389,34,0,0
BRDA:389,34,1,0
BRDA:392,35,0,0
BRDA:392,35,1,0
BRDA:392,36,0,0
BRDA:392,36,1,0
BRDA:394,37,0,0
BRDA:394,37,1,0
BRDA:426,38,0,0
BRDA:426,38,1,0
BRDA:426,39,0,0
BRDA:426,39,1,0
BRDA:429,40,0,0
BRDA:429,40,1,0
BRDA:454,41,0,0
BRDA:454,41,1,0
BRF:90
BRH:0
end_of_record
TN:
SF:src/build-minimal-ort-and-run-tests/index.js
FN:16,runCommand
FN:22,(anonymous_1)
FN:23,(anonymous_2)
FN:28,(anonymous_3)
FN:51,checkPathExists
FN:70,main
FN:201,(anonymous_6)
FNF:7
FNH:0
FNDA:0,runCommand
FNDA:0,(anonymous_1)
FNDA:0,(anonymous_2)
FNDA:0,(anonymous_3)
FNDA:0,checkPathExists
FNDA:0,main
FNDA:0,(anonymous_6)
DA:1,0
DA:2,0
DA:4,0
DA:5,0
DA:6,0
DA:7,0
DA:17,0
DA:22,0
DA:23,0
DA:27,0
DA:28,0
DA:29,0
DA:30,0
DA:32,0
DA:33,0
DA:34,0
DA:36,0
DA:37,0
DA:39,0
DA:40,0
DA:41,0
DA:52,0
DA:53,0
DA:54,0
DA:55,0
DA:57,0
DA:58,0
DA:59,0
DA:61,0
DA:62,0
DA:71,0
DA:74,0
DA:75,0
DA:76,0
DA:77,0
DA:78,0
DA:79,0
DA:82,0
DA:83,0
DA:85,0
DA:86,0
DA:90,0
DA:91,0
DA:92,0
DA:93,0
DA:96,0
DA:97,0
DA:98,0
DA:99,0
DA:100,0
DA:101,0
DA:102,0
DA:104,0
DA:105,0
DA:106,0
DA:108,0
DA:109,0
DA:111,0
DA:113,0
DA:114,0
DA:116,0
DA:118,0
DA:119,0
DA:120,0
DA:122,0
DA:123,0
DA:125,0
DA:127,0
DA:128,0
DA:129,0
DA:130,0
DA:134,0
DA:135,0
DA:136,0
DA:138,0
DA:140,0
DA:141,0
DA:142,0
DA:143,0
DA:144,0
DA:146,0
DA:147,0
DA:149,0
DA:150,0
DA:153,0
DA:156,0
DA:157,0
DA:159,0
DA:160,0
DA:162,0
DA:166,0
DA:167,0
DA:168,0
DA:169,0
DA:172,0
DA:173,0
DA:174,0
DA:175,0
DA:195,0
DA:196,0
DA:197,0
DA:198,0
DA:201,0
DA:202,0
DA:205,0
DA:206,0
DA:207,0
DA:208,0
DA:210,0
DA:212,0
DA:213,0
DA:214,0
DA:216,0
DA:218,0
DA:220,0
DA:224,0
DA:225,0
DA:226,0
DA:227,0
DA:228,0
DA:231,0
DA:232,0
DA:233,0
DA:241,0
DA:242,0
DA:243,0
DA:245,0
DA:247,0
DA:251,0
DA:254,0
DA:255,0
DA:256,0
DA:257,0
DA:258,0
DA:259,0
DA:262,0
DA:264,0
DA:268,0
DA:270,0
DA:273,0
DA:278,0
LF:141
LH:0
BRDA:16,0,0,0
BRDA:16,1,0,0
BRDA:27,2,0,0
BRDA:27,2,1,0
BRDA:28,3,0,0
BRDA:28,3,1,0
BRDA:32,4,0,0
BRDA:32,4,1,0
BRDA:32,5,0,0
BRDA:32,5,1,0
BRDA:41,6,0,0
BRDA:41,6,1,0
BRDA:57,7,0,0
BRDA:57,7,1,0
BRDA:82,8,0,0
BRDA:82,8,1,0
BRDA:82,9,0,0
BRDA:82,9,1,0
BRDA:85,10,0,0
BRDA:85,10,1,0
BRDA:85,11,0,0
BRDA:85,11,1,0
BRDA:92,12,0,0
BRDA:92,12,1,0
BRDA:92,13,0,0
BRDA:92,13,1,0
BRDA:116,14,0,0
BRDA:116,14,1,0
BRDA:143,15,0,0
BRDA:143,15,1,0
BRDA:143,16,0,0
BRDA:143,16,1,0
BRDA:174,17,0,0
BRDA:174,17,1,0
BRDA:195,18,0,0
BRDA:195,18,1,0
BRDA:195,19,0,0
BRDA:195,19,1,0
BRDA:197,20,0,0
BRDA:197,20,1,0
BRDA:205,21,0,0
BRDA:205,21,1,0
BRDA:213,22,0,0
BRDA:213,22,1,0
BRDA:228,23,0,0
BRDA:228,23,1,0
BRDA:242,24,0,0
BRDA:242,24,1,0
BRDA:255,25,0,0
BRDA:255,25,1,0
BRF:50
BRH:0
end_of_record
TN:
SF:src/common/utils.js
FN:22,exportVariable
FN:36,addPath
FN:56,executeCommand
FN:58,(anonymous_3)
FN:95,verifySHA512
FN:101,(anonymous_5)
FN:102,(anonymous_6)
FN:103,(anonymous_7)
FN:104,(anonymous_8)
FN:121,hashFileContent
FN:149,parseBuildArgs
FN:171,normalizeBuildArgsForHashing
FN:186,getPlatformIdentifier
FN:198,getArchIdentifier
FN:216,checkPathExists
FN:235,generateTestSummary
FN:433,(anonymous_16)
FN:439,(anonymous_17)
FN:456,(anonymous_18)
FN:460,(anonymous_19)
FNF:20
FNH:13
FNDA:0,exportVariable
FNDA:0,addPath
FNDA:4,executeCommand
FNDA:7,(anonymous_3)
FNDA:3,verifySHA512
FNDA:3,(anonymous_5)
FNDA:1,(anonymous_6)
FNDA:4,(anonymous_7)
FNDA:2,(anonymous_8)
FNDA:4,hashFileContent
FNDA:8,parseBuildArgs
FNDA:6,normalizeBuildArgsForHashing
FNDA:4,getPlatformIdentifier
FNDA:7,getArchIdentifier
FNDA:3,checkPathExists
FNDA:0,generateTestSummary
FNDA:0,(anonymous_16)
FNDA:0,(anonymous_17)
FNDA:0,(anonymous_18)
FNDA:0,(anonymous_19)
DA:3,3
DA:4,3
DA:5,3
DA:6,3
DA:7,3
DA:8,3
DA:9,3
DA:13,3
DA:23,0
DA:24,0
DA:27,0
DA:37,0
DA:38,0
DA:41,0
DA:58,4
DA:59,7
DA:66,4
DA:68,4
DA:70,4
DA:72,1
DA:73,1
DA:74,1
DA:76,1
DA:80,3
DA:81,3
DA:82,1
DA:84,3
DA:96,3
DA:97,3
DA:99,3
DA:101,3
DA:102,3
DA:103,4
DA:104,3
DA:105,2
DA:106,2
DA:107,2
DA:108,2
DA:109,2
DA:110,2
DA:122,4
DA:123,4
DA:124,2
DA:125,1
DA:126,1
DA:127,1
DA:129,1
DA:132,2
DA:133,1
DA:135,1
DA:136,1
DA:150,8
DA:151,8
DA:156,5
DA:158,5
DA:160,10
DA:162,5
DA:172,6
DA:173,3
DA:175,3
DA:176,3
DA:177,3
DA:187,4
DA:188,4
DA:189,3
DA:190,2
DA:191,1
DA:199,7
DA:200,7
DA:202,7
DA:203,5
DA:204,3
DA:206,1
DA:217,3
DA:218,3
DA:219,1
DA:220,1
DA:222,2
DA:223,1
DA:224,1
DA:227,1
DA:228,1
DA:236,0
DA:237,0
DA:238,0
DA:239,0
DA:240,0
DA:241,0
DA:242,0
DA:243,0
DA:244,0
DA:245,0
DA:247,0
DA:255,0
DA:257,0
DA:259,0
DA:260,0
DA:261,0
DA:263,0
DA:264,0
DA:265,0
DA:266,0
DA:267,0
DA:268,0
DA:272,0
DA:274,0
DA:275,0
DA:276,0
DA:277,0
DA:278,0
DA:279,0
DA:280,0
DA:281,0
DA:284,0
DA:285,0
DA:287,0
DA:288,0
DA:289,0
DA:290,0
DA:291,0
DA:293,0
DA:295,0
DA:297,0
DA:299,0
DA:301,0
DA:302,0
DA:305,0
DA:307,0
DA:309,0
DA:310,0
DA:311,0
DA:312,0
DA:313,0
DA:314,0
DA:315,0
DA:316,0
DA:317,0
DA:321,0
DA:323,0
DA:324,0
DA:325,0
DA:328,0
DA:329,0
DA:330,0
DA:334,0
DA:335,0
DA:336,0
DA:337,0
DA:338,0
DA:341,0
DA:342,0
DA:343,0
DA:344,0
DA:346,0
DA:347,0
DA:349,0
DA:350,0
DA:351,0
DA:352,0
DA:356,0
DA:357,0
DA:358,0
DA:359,0
DA:360,0
DA:361,0
DA:362,0
DA:365,0
DA:366,0
DA:371,0
DA:373,0
DA:378,0
DA:383,0
DA:388,0
DA:389,0
DA:390,0
DA:391,0
DA:392,0
DA:393,0
DA:397,0
DA:398,0
DA:399,0
DA:400,0
DA:402,0
DA:406,0
DA:407,0
DA:409,0
DA:412,0
DA:413,0
DA:417,0
DA:418,0
DA:420,0
DA:421,0
DA:422,0
DA:423,0
DA:426,0
DA:427,0
DA:428,0
DA:431,0
DA:433,0
DA:434,0
DA:436,0
DA:437,0
DA:438,0
DA:439,0
DA:441,0
DA:443,0
DA:444,0
DA:445,0
DA:447,0
DA:449,0
DA:454,0
DA:455,0
DA:456,0
DA:459,0
DA:460,0
DA:461,0
DA:463,0
DA:464,0
DA:465,0
DA:467,0
DA:472,0
DA:473,0
DA:475,0
DA:478,0
DA:483,3
LF:225
LH:77
BRDA:23,0,0,0
BRDA:23,0,1,0
BRDA:37,1,0,0
BRDA:37,1,1,0
BRDA:56,2,0,2
BRDA:59,3,0,1
BRDA:59,3,1,6
BRDA:59,4,0,7
BRDA:59,4,1,2
BRDA:59,4,2,2
BRDA:70,5,0,1
BRDA:70,5,1,3
BRDA:81,6,0,1
BRDA:81,6,1,2
BRDA:81,7,0,3
BRDA:81,7,1,1
BRDA:109,8,0,1
BRDA:109,8,1,1
BRDA:124,9,0,1
BRDA:124,9,1,1
BRDA:132,10,0,1
BRDA:132,10,1,1
BRDA:151,11,0,3
BRDA:151,11,1,5
BRDA:151,12,0,8
BRDA:151,12,1,5
BRDA:172,13,0,3
BRDA:172,13,1,3
BRDA:172,14,0,6
BRDA:172,14,1,3
BRDA:175,15,0,3
BRDA:175,15,1,0
BRDA:188,16,0,1
BRDA:188,16,1,3
BRDA:189,17,0,1
BRDA:189,17,1,2
BRDA:190,18,0,1
BRDA:190,18,1,1
BRDA:202,19,0,2
BRDA:202,19,1,5
BRDA:203,20,0,2
BRDA:203,20,1,3
BRDA:204,21,0,2
BRDA:204,21,1,1
BRDA:222,22,0,1
BRDA:222,22,1,1
BRDA:266,23,0,0
BRDA:266,23,1,0
BRDA:277,24,0,0
BRDA:277,24,1,0
BRDA:288,25,0,0
BRDA:288,25,1,0
BRDA:299,26,0,0
BRDA:299,26,1,0
BRDA:301,27,0,0
BRDA:301,27,1,0
BRDA:301,28,0,0
BRDA:301,28,1,0
BRDA:302,29,0,0
BRDA:302,29,1,0
BRDA:309,30,0,0
BRDA:309,30,1,0
BRDA:309,31,0,0
BRDA:309,31,1,0
BRDA:311,32,0,0
BRDA:311,32,1,0
BRDA:312,33,0,0
BRDA:312,33,1,0
BRDA:313,34,0,0
BRDA:313,34,1,0
BRDA:314,35,0,0
BRDA:314,35,1,0
BRDA:314,35,2,0
BRDA:315,36,0,0
BRDA:315,36,1,0
BRDA:315,37,0,0
BRDA:315,37,1,0
BRDA:315,37,2,0
BRDA:315,37,3,0
BRDA:315,37,4,0
BRDA:315,37,5,0
BRDA:315,37,6,0
BRDA:315,37,7,0
BRDA:321,38,0,0
BRDA:321,38,1,0
BRDA:323,39,0,0
BRDA:323,39,1,0
BRDA:335,40,0,0
BRDA:335,40,1,0
BRDA:335,41,0,0
BRDA:335,41,1,0
BRDA:337,42,0,0
BRDA:337,42,1,0
BRDA:341,43,0,0
BRDA:341,43,1,0
BRDA:342,44,0,0
BRDA:342,44,1,0
BRDA:343,45,0,0
BRDA:343,45,1,0
BRDA:344,46,0,0
BRDA:344,46,1,0
BRDA:344,46,2,0
BRDA:346,47,0,0
BRDA:346,47,1,0
BRDA:346,48,0,0
BRDA:346,48,1,0
BRDA:346,48,2,0
BRDA:346,48,3,0
BRDA:356,49,0,0
BRDA:356,49,1,0
BRDA:357,50,0,0
BRDA:357,50,1,0
BRDA:360,51,0,0
BRDA:360,51,1,0
BRDA:360,52,0,0
BRDA:360,52,1,0
BRDA:365,53,0,0
BRDA:365,53,1,0
BRDA:365,54,0,0
BRDA:365,54,1,0
BRDA:365,54,2,0
BRDA:397,55,0,0
BRDA:397,55,1,0
BRDA:406,56,0,0
BRDA:406,56,1,0
BRDA:418,57,0,0
BRDA:418,57,1,0
BRDA:424,58,0,0
BRDA:424,58,1,0
BRDA:426,59,0,0
BRDA:426,59,1,0
BRDA:431,60,0,0
BRDA:431,60,1,0
BRDA:454,61,0,0
BRDA:454,61,1,0
BRDA:472,62,0,0
BRDA:472,62,1,0
BRF:137
BRH:41
end_of_record
TN:
SF:src/format-lint-check/index.js
FN:18,verifySHA256
FN:24,(anonymous_1)
FN:25,(anonymous_2)
FN:26,(anonymous_3)
FN:27,(anonymous_4)
FN:45,findCFiles
FN:58,(anonymous_6)
FN:88,run
FN:102,(anonymous_8)
FN:133,(anonymous_9)
FN:142,(anonymous_10)
FN:142,(anonymous_11)
FN:151,(anonymous_12)
FN:193,(anonymous_13)
FN:194,(anonymous_14)
FN:206,(anonymous_15)
FNF:16
FNH:0
FNDA:0,verifySHA256
FNDA:0,(anonymous_1)
FNDA:0,(anonymous_2)
FNDA:0,(anonymous_3)
FNDA:0,(anonymous_4)
FNDA:0,findCFiles
FNDA:0,(anonymous_6)
FNDA:0,run
FNDA:0,(anonymous_8)
FNDA:0,(anonymous_9)
FNDA:0,(anonymous_10)
FNDA:0,(anonymous_11)
FNDA:0,(anonymous_12)
FNDA:0,(anonymous_13)
FNDA:0,(anonymous_14)
FNDA:0,(anonymous_15)
DA:1,0
DA:2,0
DA:3,0
DA:4,0
DA:5,0
DA:6,0
DA:7,0
DA:8,0
DA:9,0
DA:19,0
DA:20,0
DA:22,0
DA:24,0
DA:25,0
DA:26,0
DA:27,0
DA:28,0
DA:29,0
DA:30,0
DA:31,0
DA:32,0
DA:33,0
DA:47,0
DA:57,0
DA:58,0
DA:61,0
DA:65,0
DA:73,0
DA:74,0
DA:75,0
DA:78,0
DA:81,0
DA:83,0
DA:89,0
DA:90,0
DA:91,0
DA:92,0
DA:95,0
DA:96,0
DA:98,0
DA:99,0
DA:100,0
DA:101,0
DA:102,0
DA:104,0
DA:105,0
DA:106,0
DA:107,0
DA:108,0
DA:110,0
DA:111,0
DA:112,0
DA:113,0
DA:115,0
DA:116,0
DA:118,0
DA:119,0
DA:120,0
DA:122,0
DA:124,0
DA:125,0
DA:126,0
DA:127,0
DA:128,0
DA:129,0
DA:130,0
DA:131,0
DA:132,0
DA:133,0
DA:134,0
DA:135,0
DA:136,0
DA:137,0
DA:138,0
DA:139,0
DA:141,0
DA:142,0
DA:143,0
DA:145,0
DA:146,0
DA:147,0
DA:150,0
DA:151,0
DA:152,0
DA:153,0
DA:154,0
DA:155,0
DA:156,0
DA:158,0
DA:160,0
DA:162,0
DA:164,0
DA:166,0
DA:167,0
DA:169,0
DA:172,0
DA:173,0
DA:174,0
DA:175,0
DA:178,0
DA:179,0
DA:180,0
DA:183,0
DA:186,0
DA:188,0
DA:189,0
DA:193,0
DA:194,0
DA:199,0
DA:201,0
DA:202,0
DA:203,0
DA:205,0
DA:206,0
DA:209,0
DA:211,0
DA:214,0
DA:216,0
DA:221,0
DA:222,0
DA:225,0
LF:121
LH:0
BRDA:32,0,0,0
BRDA:32,0,1,0
BRDA:90,1,0,0
BRDA:90,1,1,0
BRDA:102,2,0,0
BRDA:102,2,1,0
BRDA:107,3,0,0
BRDA:107,3,1,0
BRDA:119,4,0,0
BRDA:119,4,1,0
BRDA:127,5,0,0
BRDA:127,5,1,0
BRDA:133,6,0,0
BRDA:133,6,1,0
BRDA:134,7,0,0
BRDA:134,7,1,0
BRDA:142,8,0,0
BRDA:142,8,1,0
BRDA:153,9,0,0
BRDA:153,9,1,0
BRDA:166,10,0,0
BRDA:166,10,1,0
BRDA:172,11,0,0
BRDA:172,11,1,0
BRDA:201,12,0,0
BRDA:201,12,1,0
BRDA:206,13,0,0
BRDA:206,13,1,0
BRDA:221,14,0,0
BRDA:221,14,1,0
BRF:30
BRH:0
end_of_record
TN:
SF:src/run-build-script-in-docker/index.js
FN:38,checkGpu
FN:60,run
FN:115,(anonymous_2)
FN:168,(anonymous_3)
FNF:4
FNH:0
FNDA:0,checkGpu
FNDA:0,run
FNDA:0,(anonymous_2)
FNDA:0,(anonymous_3)
DA:1,0
DA:2,0
DA:3,0
DA:4,0
DA:5,0
DA:8,0
DA:11,0
DA:34,0
DA:39,0
DA:40,0
DA:41,0
DA:42,0
DA:44,0
DA:45,0
DA:46,0
DA:47,0
DA:49,0
DA:52,0
DA:54,0
DA:62,0
DA:63,0
DA:64,0
DA:65,0
DA:66,0
DA:68,0
DA:70,0
DA:72,0
DA:74,0
DA:75,0
DA:76,0
DA:77,0
DA:78,0
DA:79,0
DA:80,0
DA:84,0
DA:85,0
DA:87,0
DA:88,0
DA:90,0
DA:91,0
DA:93,0
DA:94,0
DA:96,0
DA:97,0
DA:99,0
DA:104,0
DA:105,0
DA:106,0
DA:107,0
DA:111,0
DA:112,0
DA:115,0
DA:116,0
DA:117,0
DA:118,0
DA:119,0
DA:120,0
DA:121,0
DA:122,0
DA:124,0
DA:125,0
DA:131,0
DA:132,0
DA:133,0
DA:134,0
DA:135,0
DA:136,0
DA:137,0
DA:140,0
DA:141,0
DA:142,0
DA:143,0
DA:144,0
DA:145,0
DA:147,0
DA:150,0
DA:153,0
DA:168,0
DA:169,0
DA:170,0
DA:173,0
DA:180,0
DA:181,0
DA:182,0
DA:183,0
DA:184,0
DA:188,0
DA:189,0
DA:192,0
DA:196,0
DA:197,0
DA:198,0
DA:200,0
DA:202,0
DA:205,0
DA:209,0
DA:210,0
DA:211,0
DA:212,0
DA:214,0
DA:218,0
DA:219,0
DA:220,0
DA:221,0
DA:222,0
DA:223,0
DA:224,0
DA:225,0
DA:226,0
DA:227,0
DA:228,0
DA:230,0
DA:232,0
DA:233,0
DA:235,0
DA:237,0
DA:238,0
DA:239,0
DA:240,0
DA:241,0
DA:243,0
DA:246,0
DA:248,0
DA:249,0
DA:250,0
DA:251,0
DA:252,0
DA:254,0
DA:257,0
DA:258,0
DA:259,0
DA:262,0
DA:263,0
DA:264,0
DA:265,0
DA:266,0
DA:267,0
DA:268,0
DA:269,0
DA:270,0
DA:271,0
DA:272,0
DA:273,0
DA:274,0
DA:277,0
DA:278,0
DA:281,0
DA:282,0
DA:284,0
DA:287,0
DA:291,0
DA:296,0
DA:301,0
DA:302,0
DA:305,0
LF:155
LH:0
BRDA:45,0,0,0
BRDA:45,0,1,0
BRDA:64,1,0,0
BRDA:64,1,1,0
BRDA:85,2,0,0
BRDA:85,2,1,0
BRDA:85,2,2,0
BRDA:85,2,3,0
BRDA:100,3,0,0
BRDA:100,3,1,0
BRDA:104,4,0,0
BRDA:104,4,1,0
BRDA:106,5,0,0
BRDA:106,5,1,0
BRDA:116,6,0,0
BRDA:116,6,1,0
BRDA:119,7,0,0
BRDA:119,7,1,0
BRDA:136,8,0,0
BRDA:136,8,1,0
BRDA:137,9,0,0
BRDA:137,9,1,0
BRDA:144,10,0,0
BRDA:144,10,1,0
BRDA:145,11,0,0
BRDA:145,11,1,0
BRDA:164,12,0,0
BRDA:164,12,1,0
BRDA:180,13,0,0
BRDA:180,13,1,0
BRDA:196,14,0,0
BRDA:196,14,1,0
BRDA:197,15,0,0
BRDA:197,15,1,0
BRDA:219,16,0,0
BRDA:219,16,1,0
BRDA:225,17,0,0
BRDA:225,17,1,0
BRDA:227,18,0,0
BRDA:227,18,1,0
BRDA:232,19,0,0
BRDA:232,19,1,0
BRDA:262,20,0,0
BRDA:262,20,1,0
BRDA:277,21,0,0
BRDA:277,21,1,0
BRDA:281,22,0,0
BRDA:281,22,1,0
BRDA:301,23,0,0
BRDA:301,23,1,0
BRF:50
BRH:0
end_of_record
TN:
SF:src/setup-build-tools/index.js
FN:13,getLatestCMakeVersion
FN:35,getCMakeBinDir
FN:45,normalizeVcpkgVersion
FN:58,downloadVcpkgZip
FN:87,(anonymous_4)
FN:114,extractVcpkgZip
FN:121,findActualVcpkgDir
FN:132,(anonymous_7)
FN:161,bootstrapVcpkg
FN:170,(anonymous_9)
FN:181,cacheVcpkgDir
FN:189,cleanupDownload
FN:201,run
FN:278,(anonymous_13)
FN:283,(anonymous_14)
FN:315,(anonymous_15)
FN:344,(anonymous_16)
FNF:17
FNH:2
FNDA:0,getLatestCMakeVersion
FNDA:3,getCMakeBinDir
FNDA:4,normalizeVcpkgVersion
FNDA:0,downloadVcpkgZip
FNDA:0,(anonymous_4)
FNDA:0,extractVcpkgZip
FNDA:0,findActualVcpkgDir
FNDA:0,(anonymous_7)
FNDA:0,bootstrapVcpkg
FNDA:0,(anonymous_9)
FNDA:0,cacheVcpkgDir
FNDA:0,cleanupDownload
FNDA:0,run
FNDA:0,(anonymous_13)
FNDA:0,(anonymous_14)
FNDA:0,(anonymous_15)
FNDA:0,(anonymous_16)
DA:1,2
DA:2,2
DA:3,2
DA:4,2
DA:5,2
DA:6,2
DA:7,2
DA:10,2
DA:14,0
DA:15,0
DA:16,0
DA:17,0
DA:18,0
DA:19,0
DA:20,0
DA:21,0
DA:23,0
DA:24,0
DA:25,0
DA:27,0
DA:28,0
DA:29,0
DA:31,0
DA:36,3
DA:37,2
DA:38,2
DA:39,1
DA:42,2
DA:46,4
DA:47,4
DA:48,3
DA:49,3
DA:50,3
DA:51,3
DA:53,1
DA:60,0
DA:64,0
DA:66,0
DA:67,0
DA:68,0
DA:69,0
DA:70,0
DA:71,0
DA:72,0
DA:73,0
DA:87,0
DA:89,0
DA:91,0
DA:94,0
DA:95,0
DA:98,0
DA:99,0
DA:101,0
DA:104,0
DA:105,0
DA:108,0
DA:109,0
DA:111,0
DA:115,0
DA:116,0
DA:117,0
DA:118,0
DA:122,0
DA:123,0
DA:124,0
DA:125,0
DA:127,0
DA:131,0
DA:132,0
DA:133,0
DA:134,0
DA:136,0
DA:140,0
DA:141,0
DA:142,0
DA:143,0
DA:147,0
DA:148,0
DA:149,0
DA:150,0
DA:151,0
DA:152,0
DA:156,0
DA:162,0
DA:163,0
DA:164,0
DA:165,0
DA:166,0
DA:168,0
DA:170,0
DA:171,0
DA:172,0
DA:173,0
DA:175,0
DA:176,0
DA:178,0
DA:182,0
DA:183,0
DA:184,0
DA:185,0
DA:190,0
DA:191,0
DA:192,0
DA:193,0
DA:196,0
DA:205,0
DA:207,0
DA:208,0
DA:209,0
DA:210,0
DA:211,0
DA:212,0
DA:213,0
DA:214,0
DA:216,0
DA:217,0
DA:218,0
DA:219,0
DA:222,0
DA:223,0
DA:224,0
DA:227,0
DA:228,0
DA:229,0
DA:230,0
DA:232,0
DA:235,0
DA:236,0
DA:238,0
DA:239,0
DA:242,0
DA:244,0
DA:245,0
DA:246,0
DA:247,0
DA:248,0
DA:249,0
DA:253,0
DA:254,0
DA:255,0
DA:257,0
DA:261,0
DA:262,0
DA:263,0
DA:264,0
DA:278,0
DA:279,0
DA:281,0
DA:283,0
DA:284,0
DA:287,0
DA:288,0
DA:289,0
DA:292,0
DA:293,0
DA:294,0
DA:295,0
DA:296,0
DA:297,0
DA:299,0
DA:303,0
DA:305,0
DA:306,0
DA:307,0
DA:310,0
DA:311,0
DA:312,0
DA:314,0
DA:315,0
DA:316,0
DA:317,0
DA:318,0
DA:320,0
DA:325,0
DA:328,0
DA:329,0
DA:330,0
DA:336,0
DA:337,0
DA:339,0
DA:340,0
DA:341,0
DA:344,0
DA:345,0
DA:346,0
DA:348,0
DA:352,0
DA:356,0
DA:357,0
DA:358,0
DA:359,0
DA:362,0
DA:363,0
DA:364,0
DA:365,0
DA:368,0
DA:370,0
DA:371,0
DA:374,0
DA:375,0
DA:376,0
DA:377,0
DA:378,0
DA:379,0
DA:380,0
DA:385,0
DA:386,0
DA:387,0
DA:388,0
DA:389,0
DA:392,0
DA:395,0
DA:396,0
DA:401,2
DA:402,0
DA:407,2
LF:216
LH:22
BRDA:15,0,0,0
BRDA:15,0,1,0
BRDA:20,1,0,0
BRDA:20,1,1,0
BRDA:20,2,0,0
BRDA:20,2,1,0
BRDA:28,3,0,0
BRDA:28,3,1,0
BRDA:28,4,0,0
BRDA:28,4,1,0
BRDA:36,5,0,2
BRDA:36,5,1,1
BRDA:38,6,0,1
BRDA:38,6,1,1
BRDA:47,7,0,3
BRDA:47,7,1,1
BRDA:64,8,0,0
BRDA:64,8,1,0
BRDA:64,8,2,0
BRDA:66,9,0,0
BRDA:66,9,1,0
BRDA:68,10,0,0
BRDA:68,10,1,0
BRDA:69,11,0,0
BRDA:69,11,1,0
BRDA:94,12,0,0
BRDA:94,12,1,0
BRDA:94,13,0,0
BRDA:94,13,1,0
BRDA:98,14,0,0
BRDA:98,14,1,0
BRDA:108,15,0,0
BRDA:108,15,1,0
BRDA:123,16,0,0
BRDA:123,16,1,0
BRDA:123,17,0,0
BRDA:123,17,1,0
BRDA:140,18,0,0
BRDA:140,18,1,0
BRDA:147,19,0,0
BRDA:147,19,1,0
BRDA:150,20,0,0
BRDA:150,20,1,0
BRDA:150,21,0,0
BRDA:150,21,1,0
BRDA:164,22,0,0
BRDA:164,22,1,0
BRDA:168,23,0,0
BRDA:168,23,1,0
BRDA:172,24,0,0
BRDA:172,24,1,0
BRDA:189,25,0,0
BRDA:191,26,0,0
BRDA:191,26,1,0
BRDA:191,27,0,0
BRDA:191,27,1,0
BRDA:218,28,0,0
BRDA:218,28,1,0
BRDA:219,29,0,0
BRDA:219,29,1,0
BRDA:223,30,0,0
BRDA:223,30,1,0
BRDA:228,31,0,0
BRDA:228,31,1,0
BRDA:238,32,0,0
BRDA:238,32,1,0
BRDA:244,33,0,0
BRDA:244,33,1,0
BRDA:246,34,0,0
BRDA:246,34,1,0
BRDA:246,35,0,0
BRDA:246,35,1,0
BRDA:253,36,0,0
BRDA:253,36,1,0
BRDA:253,36,2,0
BRDA:253,36,3,0
BRDA:254,37,0,0
BRDA:254,37,1,0
BRDA:255,38,0,0
BRDA:255,38,1,0
BRDA:255,39,0,0
BRDA:255,39,1,0
BRDA:262,40,0,0
BRDA:262,40,1,0
BRDA:288,41,0,0
BRDA:288,41,1,0
BRDA:292,42,0,0
BRDA:292,42,1,0
BRDA:295,43,0,0
BRDA:295,43,1,0
BRDA:305,44,0,0
BRDA:305,44,1,0
BRDA:311,45,0,0
BRDA:311,45,1,0
BRDA:311,46,0,0
BRDA:311,46,1,0
BRDA:316,47,0,0
BRDA:316,47,1,0
BRDA:337,48,0,0
BRDA:337,48,1,0
BRDA:339,49,0,0
BRDA:339,49,1,0
BRDA:370,50,0,0
BRDA:370,50,1,0
BRDA:401,51,0,0
BRDA:401,51,1,2
BRF:106
BRH:7
end_of_record
